Command line invocation:
    /Applications/Xcode.app/Contents/Developer/usr/bin/xcodebuild -scheme DesertSurvivors -destination "platform=iOS Simulator,name=iPhone 17 Pro" clean build

2025-12-19 15:28:51.867 xcodebuild[20485:194168] [MT] IDERunDestination: Supported platforms for the buildables in the current scheme is empty.
CreateBuildRequest

SendProjectDescription

CreateBuildOperation

** CLEAN SUCCEEDED **

ComputePackagePrebuildTargetDependencyGraph

Prepare packages

CreateBuildRequest

SendProjectDescription

CreateBuildOperation

ComputeTargetDependencyGraph
note: Building targets in dependency order
note: Target dependency graph (1 target)
    Target 'DesertSurvivors' in project 'DesertSurvivors' (no dependencies)

GatherProvisioningInputs

CreateBuildDescription

ExecuteExternalTool /Applications/Xcode.app/Contents/Developer/Toolchains/XcodeDefault.xctoolchain/usr/bin/clang -v -E -dM -isysroot /Applications/Xcode.app/Contents/Developer/Platforms/iPhoneSimulator.platform/Developer/SDKs/iPhoneSimulator26.2.sdk -x c -c /dev/null

ExecuteExternalTool /Applications/Xcode.app/Contents/Developer/usr/bin/ibtool --version --output-format xml1

ExecuteExternalTool /Applications/Xcode.app/Contents/Developer/usr/bin/actool --print-asset-tag-combinations --output-format xml1 /Users/hameli/DesertSurvivors/DesertSurvivors/Assets.xcassets

ExecuteExternalTool /Applications/Xcode.app/Contents/Developer/usr/bin/actool --version --output-format xml1

ExecuteExternalTool /Applications/Xcode.app/Contents/Developer/Toolchains/XcodeDefault.xctoolchain/usr/bin/swiftc --version

ExecuteExternalTool /Applications/Xcode.app/Contents/Developer/Toolchains/XcodeDefault.xctoolchain/usr/bin/ld -version_details

Build description signature: 50d8a279768ebb050a369482517dd342
Build description path: /Users/hameli/Library/Developer/Xcode/DerivedData/DesertSurvivors-erajwuoloohovxhigwwbhoudkqey/Build/Intermediates.noindex/XCBuildData/50d8a279768ebb050a369482517dd342.xcbuilddata
ClangStatCache /Applications/Xcode.app/Contents/Developer/Toolchains/XcodeDefault.xctoolchain/usr/bin/clang-stat-cache /Applications/Xcode.app/Contents/Developer/Platforms/iPhoneSimulator.platform/Developer/SDKs/iPhoneSimulator26.2.sdk /Users/hameli/Library/Developer/Xcode/DerivedData/SDKStatCaches.noindex/iphonesimulator26.2-23C53-7d00a8b37fbd7999ea79df8ebc024bf0.sdkstatcache
    cd /Users/hameli/DesertSurvivors/DesertSurvivors.xcodeproj
    /Applications/Xcode.app/Contents/Developer/Toolchains/XcodeDefault.xctoolchain/usr/bin/clang-stat-cache /Applications/Xcode.app/Contents/Developer/Platforms/iPhoneSimulator.platform/Developer/SDKs/iPhoneSimulator26.2.sdk -o /Users/hameli/Library/Developer/Xcode/DerivedData/SDKStatCaches.noindex/iphonesimulator26.2-23C53-7d00a8b37fbd7999ea79df8ebc024bf0.sdkstatcache

CreateBuildDirectory /Users/hameli/Library/Developer/Xcode/DerivedData/DesertSurvivors-erajwuoloohovxhigwwbhoudkqey/Build/Products
    cd /Users/hameli/DesertSurvivors/DesertSurvivors.xcodeproj
    builtin-create-build-directory /Users/hameli/Library/Developer/Xcode/DerivedData/DesertSurvivors-erajwuoloohovxhigwwbhoudkqey/Build/Products

CreateBuildDirectory /Users/hameli/Library/Developer/Xcode/DerivedData/DesertSurvivors-erajwuoloohovxhigwwbhoudkqey/Build/Intermediates.noindex
    cd /Users/hameli/DesertSurvivors/DesertSurvivors.xcodeproj
    builtin-create-build-directory /Users/hameli/Library/Developer/Xcode/DerivedData/DesertSurvivors-erajwuoloohovxhigwwbhoudkqey/Build/Intermediates.noindex

CreateBuildDirectory /Users/hameli/Library/Developer/Xcode/DerivedData/DesertSurvivors-erajwuoloohovxhigwwbhoudkqey/Build/Intermediates.noindex/ExplicitPrecompiledModules
    cd /Users/hameli/DesertSurvivors/DesertSurvivors.xcodeproj
    builtin-create-build-directory /Users/hameli/Library/Developer/Xcode/DerivedData/DesertSurvivors-erajwuoloohovxhigwwbhoudkqey/Build/Intermediates.noindex/ExplicitPrecompiledModules

CreateBuildDirectory /Users/hameli/Library/Developer/Xcode/DerivedData/DesertSurvivors-erajwuoloohovxhigwwbhoudkqey/Build/Intermediates.noindex/SwiftExplicitPrecompiledModules
    cd /Users/hameli/DesertSurvivors/DesertSurvivors.xcodeproj
    builtin-create-build-directory /Users/hameli/Library/Developer/Xcode/DerivedData/DesertSurvivors-erajwuoloohovxhigwwbhoudkqey/Build/Intermediates.noindex/SwiftExplicitPrecompiledModules

CreateBuildDirectory /Users/hameli/Library/Developer/Xcode/DerivedData/DesertSurvivors-erajwuoloohovxhigwwbhoudkqey/Build/Intermediates.noindex/EagerLinkingTBDs/Debug-iphonesimulator
    cd /Users/hameli/DesertSurvivors/DesertSurvivors.xcodeproj
    builtin-create-build-directory /Users/hameli/Library/Developer/Xcode/DerivedData/DesertSurvivors-erajwuoloohovxhigwwbhoudkqey/Build/Intermediates.noindex/EagerLinkingTBDs/Debug-iphonesimulator

CreateBuildDirectory /Users/hameli/Library/Developer/Xcode/DerivedData/DesertSurvivors-erajwuoloohovxhigwwbhoudkqey/Build/Products/Debug-iphonesimulator
    cd /Users/hameli/DesertSurvivors/DesertSurvivors.xcodeproj
    builtin-create-build-directory /Users/hameli/Library/Developer/Xcode/DerivedData/DesertSurvivors-erajwuoloohovxhigwwbhoudkqey/Build/Products/Debug-iphonesimulator

WriteAuxiliaryFile /Users/hameli/Library/Developer/Xcode/DerivedData/DesertSurvivors-erajwuoloohovxhigwwbhoudkqey/Build/Intermediates.noindex/DesertSurvivors.build/Debug-iphonesimulator/DesertSurvivors-c74e60df642710ec49d3feeaa33b9e4b-VFS-iphonesimulator/all-product-headers.yaml
    cd /Users/hameli/DesertSurvivors/DesertSurvivors.xcodeproj
    write-file /Users/hameli/Library/Developer/Xcode/DerivedData/DesertSurvivors-erajwuoloohovxhigwwbhoudkqey/Build/Intermediates.noindex/DesertSurvivors.build/Debug-iphonesimulator/DesertSurvivors-c74e60df642710ec49d3feeaa33b9e4b-VFS-iphonesimulator/all-product-headers.yaml

WriteAuxiliaryFile /Users/hameli/Library/Developer/Xcode/DerivedData/DesertSurvivors-erajwuoloohovxhigwwbhoudkqey/Build/Intermediates.noindex/DesertSurvivors.build/Debug-iphonesimulator/DesertSurvivors.build/empty-DesertSurvivors.plist (in target 'DesertSurvivors' from project 'DesertSurvivors')
    cd /Users/hameli/DesertSurvivors
    write-file /Users/hameli/Library/Developer/Xcode/DerivedData/DesertSurvivors-erajwuoloohovxhigwwbhoudkqey/Build/Intermediates.noindex/DesertSurvivors.build/Debug-iphonesimulator/DesertSurvivors.build/empty-DesertSurvivors.plist

WriteAuxiliaryFile /Users/hameli/Library/Developer/Xcode/DerivedData/DesertSurvivors-erajwuoloohovxhigwwbhoudkqey/Build/Intermediates.noindex/DesertSurvivors.build/Debug-iphonesimulator/DesertSurvivors.build/DesertSurvivors.hmap (in target 'DesertSurvivors' from project 'DesertSurvivors')
    cd /Users/hameli/DesertSurvivors
    write-file /Users/hameli/Library/Developer/Xcode/DerivedData/DesertSurvivors-erajwuoloohovxhigwwbhoudkqey/Build/Intermediates.noindex/DesertSurvivors.build/Debug-iphonesimulator/DesertSurvivors.build/DesertSurvivors.hmap

WriteAuxiliaryFile /Users/hameli/Library/Developer/Xcode/DerivedData/DesertSurvivors-erajwuoloohovxhigwwbhoudkqey/Build/Intermediates.noindex/DesertSurvivors.build/Debug-iphonesimulator/DesertSurvivors.build/Objects-normal/arm64/DesertSurvivors_const_extract_protocols.json (in target 'DesertSurvivors' from project 'DesertSurvivors')
    cd /Users/hameli/DesertSurvivors
    write-file /Users/hameli/Library/Developer/Xcode/DerivedData/DesertSurvivors-erajwuoloohovxhigwwbhoudkqey/Build/Intermediates.noindex/DesertSurvivors.build/Debug-iphonesimulator/DesertSurvivors.build/Objects-normal/arm64/DesertSurvivors_const_extract_protocols.json

WriteAuxiliaryFile /Users/hameli/Library/Developer/Xcode/DerivedData/DesertSurvivors-erajwuoloohovxhigwwbhoudkqey/Build/Intermediates.noindex/DesertSurvivors.build/Debug-iphonesimulator/DesertSurvivors.build/Objects-normal/arm64/DesertSurvivors.LinkFileList (in target 'DesertSurvivors' from project 'DesertSurvivors')
    cd /Users/hameli/DesertSurvivors
    write-file /Users/hameli/Library/Developer/Xcode/DerivedData/DesertSurvivors-erajwuoloohovxhigwwbhoudkqey/Build/Intermediates.noindex/DesertSurvivors.build/Debug-iphonesimulator/DesertSurvivors.build/Objects-normal/arm64/DesertSurvivors.LinkFileList

WriteAuxiliaryFile /Users/hameli/Library/Developer/Xcode/DerivedData/DesertSurvivors-erajwuoloohovxhigwwbhoudkqey/Build/Intermediates.noindex/DesertSurvivors.build/Debug-iphonesimulator/DesertSurvivors.build/Objects-normal/arm64/DesertSurvivors-OutputFileMap.json (in target 'DesertSurvivors' from project 'DesertSurvivors')
    cd /Users/hameli/DesertSurvivors
    write-file /Users/hameli/Library/Developer/Xcode/DerivedData/DesertSurvivors-erajwuoloohovxhigwwbhoudkqey/Build/Intermediates.noindex/DesertSurvivors.build/Debug-iphonesimulator/DesertSurvivors.build/Objects-normal/arm64/DesertSurvivors-OutputFileMap.json

WriteAuxiliaryFile /Users/hameli/Library/Developer/Xcode/DerivedData/DesertSurvivors-erajwuoloohovxhigwwbhoudkqey/Build/Intermediates.noindex/DesertSurvivors.build/Debug-iphonesimulator/DesertSurvivors.build/Objects-normal/arm64/DesertSurvivors.SwiftConstValuesFileList (in target 'DesertSurvivors' from project 'DesertSurvivors')
    cd /Users/hameli/DesertSurvivors
    write-file /Users/hameli/Library/Developer/Xcode/DerivedData/DesertSurvivors-erajwuoloohovxhigwwbhoudkqey/Build/Intermediates.noindex/DesertSurvivors.build/Debug-iphonesimulator/DesertSurvivors.build/Objects-normal/arm64/DesertSurvivors.SwiftConstValuesFileList

WriteAuxiliaryFile /Users/hameli/Library/Developer/Xcode/DerivedData/DesertSurvivors-erajwuoloohovxhigwwbhoudkqey/Build/Intermediates.noindex/DesertSurvivors.build/Debug-iphonesimulator/DesertSurvivors.build/Objects-normal/arm64/DesertSurvivors.SwiftFileList (in target 'DesertSurvivors' from project 'DesertSurvivors')
    cd /Users/hameli/DesertSurvivors
    write-file /Users/hameli/Library/Developer/Xcode/DerivedData/DesertSurvivors-erajwuoloohovxhigwwbhoudkqey/Build/Intermediates.noindex/DesertSurvivors.build/Debug-iphonesimulator/DesertSurvivors.build/Objects-normal/arm64/DesertSurvivors.SwiftFileList

WriteAuxiliaryFile /Users/hameli/Library/Developer/Xcode/DerivedData/DesertSurvivors-erajwuoloohovxhigwwbhoudkqey/Build/Intermediates.noindex/DesertSurvivors.build/Debug-iphonesimulator/DesertSurvivors.build/DesertSurvivors.DependencyStaticMetadataFileList (in target 'DesertSurvivors' from project 'DesertSurvivors')
    cd /Users/hameli/DesertSurvivors
    write-file /Users/hameli/Library/Developer/Xcode/DerivedData/DesertSurvivors-erajwuoloohovxhigwwbhoudkqey/Build/Intermediates.noindex/DesertSurvivors.build/Debug-iphonesimulator/DesertSurvivors.build/DesertSurvivors.DependencyStaticMetadataFileList

WriteAuxiliaryFile /Users/hameli/Library/Developer/Xcode/DerivedData/DesertSurvivors-erajwuoloohovxhigwwbhoudkqey/Build/Intermediates.noindex/DesertSurvivors.build/Debug-iphonesimulator/DesertSurvivors.build/DesertSurvivors.DependencyMetadataFileList (in target 'DesertSurvivors' from project 'DesertSurvivors')
    cd /Users/hameli/DesertSurvivors
    write-file /Users/hameli/Library/Developer/Xcode/DerivedData/DesertSurvivors-erajwuoloohovxhigwwbhoudkqey/Build/Intermediates.noindex/DesertSurvivors.build/Debug-iphonesimulator/DesertSurvivors.build/DesertSurvivors.DependencyMetadataFileList

WriteAuxiliaryFile /Users/hameli/Library/Developer/Xcode/DerivedData/DesertSurvivors-erajwuoloohovxhigwwbhoudkqey/Build/Intermediates.noindex/DesertSurvivors.build/Debug-iphonesimulator/DesertSurvivors.build/DesertSurvivors-project-headers.hmap (in target 'DesertSurvivors' from project 'DesertSurvivors')
    cd /Users/hameli/DesertSurvivors
    write-file /Users/hameli/Library/Developer/Xcode/DerivedData/DesertSurvivors-erajwuoloohovxhigwwbhoudkqey/Build/Intermediates.noindex/DesertSurvivors.build/Debug-iphonesimulator/DesertSurvivors.build/DesertSurvivors-project-headers.hmap

WriteAuxiliaryFile /Users/hameli/Library/Developer/Xcode/DerivedData/DesertSurvivors-erajwuoloohovxhigwwbhoudkqey/Build/Intermediates.noindex/DesertSurvivors.build/Debug-iphonesimulator/DesertSurvivors.build/DesertSurvivors-own-target-headers.hmap (in target 'DesertSurvivors' from project 'DesertSurvivors')
    cd /Users/hameli/DesertSurvivors
    write-file /Users/hameli/Library/Developer/Xcode/DerivedData/DesertSurvivors-erajwuoloohovxhigwwbhoudkqey/Build/Intermediates.noindex/DesertSurvivors.build/Debug-iphonesimulator/DesertSurvivors.build/DesertSurvivors-own-target-headers.hmap

WriteAuxiliaryFile /Users/hameli/Library/Developer/Xcode/DerivedData/DesertSurvivors-erajwuoloohovxhigwwbhoudkqey/Build/Intermediates.noindex/DesertSurvivors.build/Debug-iphonesimulator/DesertSurvivors.build/DesertSurvivors-generated-files.hmap (in target 'DesertSurvivors' from project 'DesertSurvivors')
    cd /Users/hameli/DesertSurvivors
    write-file /Users/hameli/Library/Developer/Xcode/DerivedData/DesertSurvivors-erajwuoloohovxhigwwbhoudkqey/Build/Intermediates.noindex/DesertSurvivors.build/Debug-iphonesimulator/DesertSurvivors.build/DesertSurvivors-generated-files.hmap

WriteAuxiliaryFile /Users/hameli/Library/Developer/Xcode/DerivedData/DesertSurvivors-erajwuoloohovxhigwwbhoudkqey/Build/Intermediates.noindex/DesertSurvivors.build/Debug-iphonesimulator/DesertSurvivors.build/DesertSurvivors-all-target-headers.hmap (in target 'DesertSurvivors' from project 'DesertSurvivors')
    cd /Users/hameli/DesertSurvivors
    write-file /Users/hameli/Library/Developer/Xcode/DerivedData/DesertSurvivors-erajwuoloohovxhigwwbhoudkqey/Build/Intermediates.noindex/DesertSurvivors.build/Debug-iphonesimulator/DesertSurvivors.build/DesertSurvivors-all-target-headers.hmap

WriteAuxiliaryFile /Users/hameli/Library/Developer/Xcode/DerivedData/DesertSurvivors-erajwuoloohovxhigwwbhoudkqey/Build/Intermediates.noindex/DesertSurvivors.build/Debug-iphonesimulator/DesertSurvivors.build/DesertSurvivors-all-non-framework-target-headers.hmap (in target 'DesertSurvivors' from project 'DesertSurvivors')
    cd /Users/hameli/DesertSurvivors
    write-file /Users/hameli/Library/Developer/Xcode/DerivedData/DesertSurvivors-erajwuoloohovxhigwwbhoudkqey/Build/Intermediates.noindex/DesertSurvivors.build/Debug-iphonesimulator/DesertSurvivors.build/DesertSurvivors-all-non-framework-target-headers.hmap

WriteAuxiliaryFile /Users/hameli/Library/Developer/Xcode/DerivedData/DesertSurvivors-erajwuoloohovxhigwwbhoudkqey/Build/Intermediates.noindex/DesertSurvivors.build/Debug-iphonesimulator/DesertSurvivors.build/DesertSurvivors-DebugDylibPath-normal-arm64.txt (in target 'DesertSurvivors' from project 'DesertSurvivors')
    cd /Users/hameli/DesertSurvivors
    write-file /Users/hameli/Library/Developer/Xcode/DerivedData/DesertSurvivors-erajwuoloohovxhigwwbhoudkqey/Build/Intermediates.noindex/DesertSurvivors.build/Debug-iphonesimulator/DesertSurvivors.build/DesertSurvivors-DebugDylibPath-normal-arm64.txt

WriteAuxiliaryFile /Users/hameli/Library/Developer/Xcode/DerivedData/DesertSurvivors-erajwuoloohovxhigwwbhoudkqey/Build/Intermediates.noindex/DesertSurvivors.build/Debug-iphonesimulator/DesertSurvivors.build/DesertSurvivors-DebugDylibInstallName-normal-arm64.txt (in target 'DesertSurvivors' from project 'DesertSurvivors')
    cd /Users/hameli/DesertSurvivors
    write-file /Users/hameli/Library/Developer/Xcode/DerivedData/DesertSurvivors-erajwuoloohovxhigwwbhoudkqey/Build/Intermediates.noindex/DesertSurvivors.build/Debug-iphonesimulator/DesertSurvivors.build/DesertSurvivors-DebugDylibInstallName-normal-arm64.txt

WriteAuxiliaryFile /Users/hameli/Library/Developer/Xcode/DerivedData/DesertSurvivors-erajwuoloohovxhigwwbhoudkqey/Build/Intermediates.noindex/DesertSurvivors.build/Debug-iphonesimulator/DesertSurvivors.build/DerivedSources/Entitlements-Simulated.plist (in target 'DesertSurvivors' from project 'DesertSurvivors')
    cd /Users/hameli/DesertSurvivors
    write-file /Users/hameli/Library/Developer/Xcode/DerivedData/DesertSurvivors-erajwuoloohovxhigwwbhoudkqey/Build/Intermediates.noindex/DesertSurvivors.build/Debug-iphonesimulator/DesertSurvivors.build/DerivedSources/Entitlements-Simulated.plist

MkDir /Users/hameli/Library/Developer/Xcode/DerivedData/DesertSurvivors-erajwuoloohovxhigwwbhoudkqey/Build/Products/Debug-iphonesimulator/DesertSurvivors.app (in target 'DesertSurvivors' from project 'DesertSurvivors')
    cd /Users/hameli/DesertSurvivors
    /bin/mkdir -p /Users/hameli/Library/Developer/Xcode/DerivedData/DesertSurvivors-erajwuoloohovxhigwwbhoudkqey/Build/Products/Debug-iphonesimulator/DesertSurvivors.app

ProcessProductPackaging "" /Users/hameli/Library/Developer/Xcode/DerivedData/DesertSurvivors-erajwuoloohovxhigwwbhoudkqey/Build/Intermediates.noindex/DesertSurvivors.build/Debug-iphonesimulator/DesertSurvivors.build/DesertSurvivors.app-Simulated.xcent (in target 'DesertSurvivors' from project 'DesertSurvivors')
    cd /Users/hameli/DesertSurvivors
    
    Entitlements:
    
    {
    "application-identifier" = "952GZ5S4HW.hamz.DesertSurvivors";
}
    
    builtin-productPackagingUtility -entitlements -format xml -o /Users/hameli/Library/Developer/Xcode/DerivedData/DesertSurvivors-erajwuoloohovxhigwwbhoudkqey/Build/Intermediates.noindex/DesertSurvivors.build/Debug-iphonesimulator/DesertSurvivors.build/DesertSurvivors.app-Simulated.xcent

ProcessProductPackagingDER /Users/hameli/Library/Developer/Xcode/DerivedData/DesertSurvivors-erajwuoloohovxhigwwbhoudkqey/Build/Intermediates.noindex/DesertSurvivors.build/Debug-iphonesimulator/DesertSurvivors.build/DesertSurvivors.app-Simulated.xcent /Users/hameli/Library/Developer/Xcode/DerivedData/DesertSurvivors-erajwuoloohovxhigwwbhoudkqey/Build/Intermediates.noindex/DesertSurvivors.build/Debug-iphonesimulator/DesertSurvivors.build/DesertSurvivors.app-Simulated.xcent.der (in target 'DesertSurvivors' from project 'DesertSurvivors')
    cd /Users/hameli/DesertSurvivors
    /usr/bin/derq query -f xml -i /Users/hameli/Library/Developer/Xcode/DerivedData/DesertSurvivors-erajwuoloohovxhigwwbhoudkqey/Build/Intermediates.noindex/DesertSurvivors.build/Debug-iphonesimulator/DesertSurvivors.build/DesertSurvivors.app-Simulated.xcent -o /Users/hameli/Library/Developer/Xcode/DerivedData/DesertSurvivors-erajwuoloohovxhigwwbhoudkqey/Build/Intermediates.noindex/DesertSurvivors.build/Debug-iphonesimulator/DesertSurvivors.build/DesertSurvivors.app-Simulated.xcent.der --raw

Ld /Users/hameli/Library/Developer/Xcode/DerivedData/DesertSurvivors-erajwuoloohovxhigwwbhoudkqey/Build/Products/Debug-iphonesimulator/DesertSurvivors.app/__preview.dylib normal (in target 'DesertSurvivors' from project 'DesertSurvivors')
    cd /Users/hameli/DesertSurvivors
    /Applications/Xcode.app/Contents/Developer/Toolchains/XcodeDefault.xctoolchain/usr/bin/clang -Xlinker -reproducible -target arm64-apple-ios26.2-simulator -dynamiclib -isysroot /Applications/Xcode.app/Contents/Developer/Platforms/iPhoneSimulator.platform/Developer/SDKs/iPhoneSimulator26.2.sdk -O0 -L/Users/hameli/Library/Developer/Xcode/DerivedData/DesertSurvivors-erajwuoloohovxhigwwbhoudkqey/Build/Products/Debug-iphonesimulator -F/Users/hameli/Library/Developer/Xcode/DerivedData/DesertSurvivors-erajwuoloohovxhigwwbhoudkqey/Build/Products/Debug-iphonesimulator -install_name @rpath/DesertSurvivors.debug.dylib -dead_strip -rdynamic -Xlinker -no_deduplicate -Xlinker -objc_abi_version -Xlinker 2 -Xlinker -debug_variant -Xlinker -dependency_info -Xlinker /Users/hameli/Library/Developer/Xcode/DerivedData/DesertSurvivors-erajwuoloohovxhigwwbhoudkqey/Build/Intermediates.noindex/DesertSurvivors.build/Debug-iphonesimulator/DesertSurvivors.build/Objects-normal/arm64/DesertSurvivors_dependency_info.dat -Xlinker -sectcreate -Xlinker __TEXT -Xlinker __entitlements -Xlinker /Users/hameli/Library/Developer/Xcode/DerivedData/DesertSurvivors-erajwuoloohovxhigwwbhoudkqey/Build/Intermediates.noindex/DesertSurvivors.build/Debug-iphonesimulator/DesertSurvivors.build/DesertSurvivors.app-Simulated.xcent -Xlinker -sectcreate -Xlinker __TEXT -Xlinker __ents_der -Xlinker /Users/hameli/Library/Developer/Xcode/DerivedData/DesertSurvivors-erajwuoloohovxhigwwbhoudkqey/Build/Intermediates.noindex/DesertSurvivors.build/Debug-iphonesimulator/DesertSurvivors.build/DesertSurvivors.app-Simulated.xcent.der -Xlinker -no_adhoc_codesign -o /Users/hameli/Library/Developer/Xcode/DerivedData/DesertSurvivors-erajwuoloohovxhigwwbhoudkqey/Build/Products/Debug-iphonesimulator/DesertSurvivors.app/__preview.dylib

MkDir /Users/hameli/Library/Developer/Xcode/DerivedData/DesertSurvivors-erajwuoloohovxhigwwbhoudkqey/Build/Intermediates.noindex/DesertSurvivors.build/Debug-iphonesimulator/DesertSurvivors.build/assetcatalog_output/unthinned (in target 'DesertSurvivors' from project 'DesertSurvivors')
    cd /Users/hameli/DesertSurvivors
    /bin/mkdir -p /Users/hameli/Library/Developer/Xcode/DerivedData/DesertSurvivors-erajwuoloohovxhigwwbhoudkqey/Build/Intermediates.noindex/DesertSurvivors.build/Debug-iphonesimulator/DesertSurvivors.build/assetcatalog_output/unthinned

CpResource /Users/hameli/Library/Developer/Xcode/DerivedData/DesertSurvivors-erajwuoloohovxhigwwbhoudkqey/Build/Products/Debug-iphonesimulator/DesertSurvivors.app/desert-survivors-game-prompt.md /Users/hameli/DesertSurvivors/desert-survivors-game-prompt.md (in target 'DesertSurvivors' from project 'DesertSurvivors')
    cd /Users/hameli/DesertSurvivors
    builtin-copy -exclude .DS_Store -exclude CVS -exclude .svn -exclude .git -exclude .hg -resolve-src-symlinks /Users/hameli/DesertSurvivors/desert-survivors-game-prompt.md /Users/hameli/Library/Developer/Xcode/DerivedData/DesertSurvivors-erajwuoloohovxhigwwbhoudkqey/Build/Products/Debug-iphonesimulator/DesertSurvivors.app

CpResource /Users/hameli/Library/Developer/Xcode/DerivedData/DesertSurvivors-erajwuoloohovxhigwwbhoudkqey/Build/Products/Debug-iphonesimulator/DesertSurvivors.app/GameScene.sks /Users/hameli/DesertSurvivors/DesertSurvivors/GameScene.sks (in target 'DesertSurvivors' from project 'DesertSurvivors')
    cd /Users/hameli/DesertSurvivors
    builtin-copy -exclude .DS_Store -exclude CVS -exclude .svn -exclude .git -exclude .hg -resolve-src-symlinks /Users/hameli/DesertSurvivors/DesertSurvivors/GameScene.sks /Users/hameli/Library/Developer/Xcode/DerivedData/DesertSurvivors-erajwuoloohovxhigwwbhoudkqey/Build/Products/Debug-iphonesimulator/DesertSurvivors.app

MkDir /Users/hameli/Library/Developer/Xcode/DerivedData/DesertSurvivors-erajwuoloohovxhigwwbhoudkqey/Build/Intermediates.noindex/DesertSurvivors.build/Debug-iphonesimulator/DesertSurvivors.build/assetcatalog_output/thinned (in target 'DesertSurvivors' from project 'DesertSurvivors')
    cd /Users/hameli/DesertSurvivors
    /bin/mkdir -p /Users/hameli/Library/Developer/Xcode/DerivedData/DesertSurvivors-erajwuoloohovxhigwwbhoudkqey/Build/Intermediates.noindex/DesertSurvivors.build/Debug-iphonesimulator/DesertSurvivors.build/assetcatalog_output/thinned

GenerateAssetSymbols /Users/hameli/DesertSurvivors/DesertSurvivors/Assets.xcassets (in target 'DesertSurvivors' from project 'DesertSurvivors')
    cd /Users/hameli/DesertSurvivors
    /Applications/Xcode.app/Contents/Developer/usr/bin/actool /Users/hameli/DesertSurvivors/DesertSurvivors/Assets.xcassets --compile /Users/hameli/Library/Developer/Xcode/DerivedData/DesertSurvivors-erajwuoloohovxhigwwbhoudkqey/Build/Products/Debug-iphonesimulator/DesertSurvivors.app --output-format human-readable-text --notices --warnings --export-dependency-info /Users/hameli/Library/Developer/Xcode/DerivedData/DesertSurvivors-erajwuoloohovxhigwwbhoudkqey/Build/Intermediates.noindex/DesertSurvivors.build/Debug-iphonesimulator/DesertSurvivors.build/assetcatalog_dependencies --output-partial-info-plist /Users/hameli/Library/Developer/Xcode/DerivedData/DesertSurvivors-erajwuoloohovxhigwwbhoudkqey/Build/Intermediates.noindex/DesertSurvivors.build/Debug-iphonesimulator/DesertSurvivors.build/assetcatalog_generated_info.plist --app-icon AppIcon --accent-color AccentColor --compress-pngs --enable-on-demand-resources YES --development-region en --target-device iphone --target-device ipad --minimum-deployment-target 26.2 --platform iphonesimulator --bundle-identifier hamz.DesertSurvivors --generate-swift-asset-symbols /Users/hameli/Library/Developer/Xcode/DerivedData/DesertSurvivors-erajwuoloohovxhigwwbhoudkqey/Build/Intermediates.noindex/DesertSurvivors.build/Debug-iphonesimulator/DesertSurvivors.build/DerivedSources/GeneratedAssetSymbols.swift --generate-objc-asset-symbols /Users/hameli/Library/Developer/Xcode/DerivedData/DesertSurvivors-erajwuoloohovxhigwwbhoudkqey/Build/Intermediates.noindex/DesertSurvivors.build/Debug-iphonesimulator/DesertSurvivors.build/DerivedSources/GeneratedAssetSymbols.h --generate-asset-symbol-index /Users/hameli/Library/Developer/Xcode/DerivedData/DesertSurvivors-erajwuoloohovxhigwwbhoudkqey/Build/Intermediates.noindex/DesertSurvivors.build/Debug-iphonesimulator/DesertSurvivors.build/DerivedSources/GeneratedAssetSymbols-Index.plist
/* com.apple.actool.compilation-results */
/Users/hameli/Library/Developer/Xcode/DerivedData/DesertSurvivors-erajwuoloohovxhigwwbhoudkqey/Build/Intermediates.noindex/DesertSurvivors.build/Debug-iphonesimulator/DesertSurvivors.build/DerivedSources/GeneratedAssetSymbols-Index.plist
/Users/hameli/Library/Developer/Xcode/DerivedData/DesertSurvivors-erajwuoloohovxhigwwbhoudkqey/Build/Intermediates.noindex/DesertSurvivors.build/Debug-iphonesimulator/DesertSurvivors.build/DerivedSources/GeneratedAssetSymbols.h
/Users/hameli/Library/Developer/Xcode/DerivedData/DesertSurvivors-erajwuoloohovxhigwwbhoudkqey/Build/Intermediates.noindex/DesertSurvivors.build/Debug-iphonesimulator/DesertSurvivors.build/DerivedSources/GeneratedAssetSymbols.swift


CpResource /Users/hameli/Library/Developer/Xcode/DerivedData/DesertSurvivors-erajwuoloohovxhigwwbhoudkqey/Build/Products/Debug-iphonesimulator/DesertSurvivors.app/Actions.sks /Users/hameli/DesertSurvivors/DesertSurvivors/Actions.sks (in target 'DesertSurvivors' from project 'DesertSurvivors')
    cd /Users/hameli/DesertSurvivors
    builtin-copy -exclude .DS_Store -exclude CVS -exclude .svn -exclude .git -exclude .hg -resolve-src-symlinks /Users/hameli/DesertSurvivors/DesertSurvivors/Actions.sks /Users/hameli/Library/Developer/Xcode/DerivedData/DesertSurvivors-erajwuoloohovxhigwwbhoudkqey/Build/Products/Debug-iphonesimulator/DesertSurvivors.app

CompileStoryboard /Users/hameli/DesertSurvivors/DesertSurvivors/Base.lproj/Main.storyboard (in target 'DesertSurvivors' from project 'DesertSurvivors')
    cd /Users/hameli/DesertSurvivors
    /Applications/Xcode.app/Contents/Developer/usr/bin/ibtool --errors --warnings --notices --module DesertSurvivors --output-partial-info-plist /Users/hameli/Library/Developer/Xcode/DerivedData/DesertSurvivors-erajwuoloohovxhigwwbhoudkqey/Build/Intermediates.noindex/DesertSurvivors.build/Debug-iphonesimulator/DesertSurvivors.build/Base.lproj/Main-SBPartialInfo.plist --auto-activate-custom-fonts --target-device iphone --target-device ipad --minimum-deployment-target 26.2 --output-format human-readable-text /Users/hameli/DesertSurvivors/DesertSurvivors/Base.lproj/Main.storyboard --compilation-directory /Users/hameli/Library/Developer/Xcode/DerivedData/DesertSurvivors-erajwuoloohovxhigwwbhoudkqey/Build/Intermediates.noindex/DesertSurvivors.build/Debug-iphonesimulator/DesertSurvivors.build/Base.lproj

CompileStoryboard /Users/hameli/DesertSurvivors/DesertSurvivors/Base.lproj/LaunchScreen.storyboard (in target 'DesertSurvivors' from project 'DesertSurvivors')
    cd /Users/hameli/DesertSurvivors
    /Applications/Xcode.app/Contents/Developer/usr/bin/ibtool --errors --warnings --notices --module DesertSurvivors --output-partial-info-plist /Users/hameli/Library/Developer/Xcode/DerivedData/DesertSurvivors-erajwuoloohovxhigwwbhoudkqey/Build/Intermediates.noindex/DesertSurvivors.build/Debug-iphonesimulator/DesertSurvivors.build/Base.lproj/LaunchScreen-SBPartialInfo.plist --auto-activate-custom-fonts --target-device iphone --target-device ipad --minimum-deployment-target 26.2 --output-format human-readable-text /Users/hameli/DesertSurvivors/DesertSurvivors/Base.lproj/LaunchScreen.storyboard --compilation-directory /Users/hameli/Library/Developer/Xcode/DerivedData/DesertSurvivors-erajwuoloohovxhigwwbhoudkqey/Build/Intermediates.noindex/DesertSurvivors.build/Debug-iphonesimulator/DesertSurvivors.build/Base.lproj

CompileAssetCatalogVariant thinned /Users/hameli/Library/Developer/Xcode/DerivedData/DesertSurvivors-erajwuoloohovxhigwwbhoudkqey/Build/Products/Debug-iphonesimulator/DesertSurvivors.app /Users/hameli/DesertSurvivors/DesertSurvivors/Assets.xcassets (in target 'DesertSurvivors' from project 'DesertSurvivors')
    cd /Users/hameli/DesertSurvivors
    /Applications/Xcode.app/Contents/Developer/usr/bin/actool /Users/hameli/DesertSurvivors/DesertSurvivors/Assets.xcassets --compile /Users/hameli/Library/Developer/Xcode/DerivedData/DesertSurvivors-erajwuoloohovxhigwwbhoudkqey/Build/Intermediates.noindex/DesertSurvivors.build/Debug-iphonesimulator/DesertSurvivors.build/assetcatalog_output/thinned --output-format human-readable-text --notices --warnings --export-dependency-info /Users/hameli/Library/Developer/Xcode/DerivedData/DesertSurvivors-erajwuoloohovxhigwwbhoudkqey/Build/Intermediates.noindex/DesertSurvivors.build/Debug-iphonesimulator/DesertSurvivors.build/assetcatalog_dependencies_thinned --output-partial-info-plist /Users/hameli/Library/Developer/Xcode/DerivedData/DesertSurvivors-erajwuoloohovxhigwwbhoudkqey/Build/Intermediates.noindex/DesertSurvivors.build/Debug-iphonesimulator/DesertSurvivors.build/assetcatalog_generated_info.plist_thinned --app-icon AppIcon --accent-color AccentColor --compress-pngs --enable-on-demand-resources YES --filter-for-thinning-device-configuration iPhone18,1 --filter-for-device-os-version 26.2 --development-region en --target-device iphone --target-device ipad --minimum-deployment-target 26.2 --platform iphonesimulator

LinkStoryboards (in target 'DesertSurvivors' from project 'DesertSurvivors')
    cd /Users/hameli/DesertSurvivors
    /Applications/Xcode.app/Contents/Developer/usr/bin/ibtool --errors --warnings --notices --module DesertSurvivors --target-device iphone --target-device ipad --minimum-deployment-target 26.2 --output-format human-readable-text --link /Users/hameli/Library/Developer/Xcode/DerivedData/DesertSurvivors-erajwuoloohovxhigwwbhoudkqey/Build/Products/Debug-iphonesimulator/DesertSurvivors.app /Users/hameli/Library/Developer/Xcode/DerivedData/DesertSurvivors-erajwuoloohovxhigwwbhoudkqey/Build/Intermediates.noindex/DesertSurvivors.build/Debug-iphonesimulator/DesertSurvivors.build/Base.lproj/LaunchScreen.storyboardc /Users/hameli/Library/Developer/Xcode/DerivedData/DesertSurvivors-erajwuoloohovxhigwwbhoudkqey/Build/Intermediates.noindex/DesertSurvivors.build/Debug-iphonesimulator/DesertSurvivors.build/Base.lproj/Main.storyboardc

SwiftDriver DesertSurvivors normal arm64 com.apple.xcode.tools.swift.compiler (in target 'DesertSurvivors' from project 'DesertSurvivors')
    cd /Users/hameli/DesertSurvivors
    builtin-SwiftDriver -- /Applications/Xcode.app/Contents/Developer/Toolchains/XcodeDefault.xctoolchain/usr/bin/swiftc -module-name DesertSurvivors -Onone -enforce-exclusivity\=checked @/Users/hameli/Library/Developer/Xcode/DerivedData/DesertSurvivors-erajwuoloohovxhigwwbhoudkqey/Build/Intermediates.noindex/DesertSurvivors.build/Debug-iphonesimulator/DesertSurvivors.build/Objects-normal/arm64/DesertSurvivors.SwiftFileList -DDEBUG -default-isolation\=MainActor -enable-bare-slash-regex -enable-upcoming-feature DisableOutwardActorInference -enable-upcoming-feature InferSendableFromCaptures -enable-upcoming-feature GlobalActorIsolatedTypesUsability -enable-upcoming-feature MemberImportVisibility -enable-upcoming-feature InferIsolatedConformances -enable-upcoming-feature NonisolatedNonsendingByDefault -enable-experimental-feature DebugDescriptionMacro -sdk /Applications/Xcode.app/Contents/Developer/Platforms/iPhoneSimulator.platform/Developer/SDKs/iPhoneSimulator26.2.sdk -target arm64-apple-ios26.2-simulator -g -module-cache-path /Users/hameli/Library/Developer/Xcode/DerivedData/ModuleCache.noindex -Xfrontend -serialize-debugging-options -profile-coverage-mapping -profile-generate -enable-testing -index-store-path /Users/hameli/Library/Developer/Xcode/DerivedData/DesertSurvivors-erajwuoloohovxhigwwbhoudkqey/Index.noindex/DataStore -Xcc -D_LIBCPP_HARDENING_MODE\=_LIBCPP_HARDENING_MODE_DEBUG -swift-version 5 -I /Users/hameli/Library/Developer/Xcode/DerivedData/DesertSurvivors-erajwuoloohovxhigwwbhoudkqey/Build/Products/Debug-iphonesimulator -F /Users/hameli/Library/Developer/Xcode/DerivedData/DesertSurvivors-erajwuoloohovxhigwwbhoudkqey/Build/Products/Debug-iphonesimulator -emit-localized-strings -emit-localized-strings-path /Users/hameli/Library/Developer/Xcode/DerivedData/DesertSurvivors-erajwuoloohovxhigwwbhoudkqey/Build/Intermediates.noindex/DesertSurvivors.build/Debug-iphonesimulator/DesertSurvivors.build/Objects-normal/arm64 -c -j8 -enable-batch-mode -incremental -Xcc -ivfsstatcache -Xcc /Users/hameli/Library/Developer/Xcode/DerivedData/SDKStatCaches.noindex/iphonesimulator26.2-23C53-7d00a8b37fbd7999ea79df8ebc024bf0.sdkstatcache -output-file-map /Users/hameli/Library/Developer/Xcode/DerivedData/DesertSurvivors-erajwuoloohovxhigwwbhoudkqey/Build/Intermediates.noindex/DesertSurvivors.build/Debug-iphonesimulator/DesertSurvivors.build/Objects-normal/arm64/DesertSurvivors-OutputFileMap.json -use-frontend-parseable-output -save-temps -no-color-diagnostics -explicit-module-build -module-cache-path /Users/hameli/Library/Developer/Xcode/DerivedData/DesertSurvivors-erajwuoloohovxhigwwbhoudkqey/Build/Intermediates.noindex/SwiftExplicitPrecompiledModules -clang-scanner-module-cache-path /Users/hameli/Library/Developer/Xcode/DerivedData/ModuleCache.noindex -sdk-module-cache-path /Users/hameli/Library/Developer/Xcode/DerivedData/ModuleCache.noindex -serialize-diagnostics -emit-dependencies -emit-module -emit-module-path /Users/hameli/Library/Developer/Xcode/DerivedData/DesertSurvivors-erajwuoloohovxhigwwbhoudkqey/Build/Intermediates.noindex/DesertSurvivors.build/Debug-iphonesimulator/DesertSurvivors.build/Objects-normal/arm64/DesertSurvivors.swiftmodule -validate-clang-modules-once -clang-build-session-file /Users/hameli/Library/Developer/Xcode/DerivedData/ModuleCache.noindex/Session.modulevalidation -Xcc -I/Users/hameli/Library/Developer/Xcode/DerivedData/DesertSurvivors-erajwuoloohovxhigwwbhoudkqey/Build/Intermediates.noindex/DesertSurvivors.build/Debug-iphonesimulator/DesertSurvivors.build/swift-overrides.hmap -emit-const-values -Xfrontend -const-gather-protocols-file -Xfrontend /Users/hameli/Library/Developer/Xcode/DerivedData/DesertSurvivors-erajwuoloohovxhigwwbhoudkqey/Build/Intermediates.noindex/DesertSurvivors.build/Debug-iphonesimulator/DesertSurvivors.build/Objects-normal/arm64/DesertSurvivors_const_extract_protocols.json -Xcc -iquote -Xcc /Users/hameli/Library/Developer/Xcode/DerivedData/DesertSurvivors-erajwuoloohovxhigwwbhoudkqey/Build/Intermediates.noindex/DesertSurvivors.build/Debug-iphonesimulator/DesertSurvivors.build/DesertSurvivors-generated-files.hmap -Xcc -I/Users/hameli/Library/Developer/Xcode/DerivedData/DesertSurvivors-erajwuoloohovxhigwwbhoudkqey/Build/Intermediates.noindex/DesertSurvivors.build/Debug-iphonesimulator/DesertSurvivors.build/DesertSurvivors-own-target-headers.hmap -Xcc -I/Users/hameli/Library/Developer/Xcode/DerivedData/DesertSurvivors-erajwuoloohovxhigwwbhoudkqey/Build/Intermediates.noindex/DesertSurvivors.build/Debug-iphonesimulator/DesertSurvivors.build/DesertSurvivors-all-target-headers.hmap -Xcc -iquote -Xcc /Users/hameli/Library/Developer/Xcode/DerivedData/DesertSurvivors-erajwuoloohovxhigwwbhoudkqey/Build/Intermediates.noindex/DesertSurvivors.build/Debug-iphonesimulator/DesertSurvivors.build/DesertSurvivors-project-headers.hmap -Xcc -I/Users/hameli/Library/Developer/Xcode/DerivedData/DesertSurvivors-erajwuoloohovxhigwwbhoudkqey/Build/Products/Debug-iphonesimulator/include -Xcc -I/Users/hameli/Library/Developer/Xcode/DerivedData/DesertSurvivors-erajwuoloohovxhigwwbhoudkqey/Build/Intermediates.noindex/DesertSurvivors.build/Debug-iphonesimulator/DesertSurvivors.build/DerivedSources-normal/arm64 -Xcc -I/Users/hameli/Library/Developer/Xcode/DerivedData/DesertSurvivors-erajwuoloohovxhigwwbhoudkqey/Build/Intermediates.noindex/DesertSurvivors.build/Debug-iphonesimulator/DesertSurvivors.build/DerivedSources/arm64 -Xcc -I/Users/hameli/Library/Developer/Xcode/DerivedData/DesertSurvivors-erajwuoloohovxhigwwbhoudkqey/Build/Intermediates.noindex/DesertSurvivors.build/Debug-iphonesimulator/DesertSurvivors.build/DerivedSources -Xcc -DDEBUG\=1 -emit-objc-header -emit-objc-header-path /Users/hameli/Library/Developer/Xcode/DerivedData/DesertSurvivors-erajwuoloohovxhigwwbhoudkqey/Build/Intermediates.noindex/DesertSurvivors.build/Debug-iphonesimulator/DesertSurvivors.build/Objects-normal/arm64/DesertSurvivors-Swift.h -working-directory /Users/hameli/DesertSurvivors -experimental-emit-module-separately -disable-cmo

SwiftEmitModule normal arm64 Emitting\ module\ for\ DesertSurvivors (in target 'DesertSurvivors' from project 'DesertSurvivors')
EmitSwiftModule normal arm64 (in target 'DesertSurvivors' from project 'DesertSurvivors')
    cd /Users/hameli/DesertSurvivors
    

SwiftCompile normal arm64 Compiling\ BaseWeapon.swift,\ Projectile.swift,\ WeaponManager.swift,\ AppDelegate.swift,\ GameScene.swift,\ GameViewController.swift,\ GeneratedAssetSymbols.swift /Users/hameli/DesertSurvivors/DesertSurvivors/Weapons/BaseWeapon.swift /Users/hameli/DesertSurvivors/DesertSurvivors/Weapons/Projectile.swift /Users/hameli/DesertSurvivors/DesertSurvivors/Weapons/WeaponManager.swift /Users/hameli/DesertSurvivors/DesertSurvivors/AppDelegate.swift /Users/hameli/DesertSurvivors/DesertSurvivors/GameScene.swift /Users/hameli/DesertSurvivors/DesertSurvivors/GameViewController.swift /Users/hameli/Library/Developer/Xcode/DerivedData/DesertSurvivors-erajwuoloohovxhigwwbhoudkqey/Build/Intermediates.noindex/DesertSurvivors.build/Debug-iphonesimulator/DesertSurvivors.build/DerivedSources/GeneratedAssetSymbols.swift (in target 'DesertSurvivors' from project 'DesertSurvivors')
Failed frontend command:
/Applications/Xcode.app/Contents/Developer/Toolchains/XcodeDefault.xctoolchain/usr/bin/swift-frontend -frontend -c /Users/hameli/DesertSurvivors/DesertSurvivors/Entities/Enemies/EnemyTypes/CursedJackal.swift /Users/hameli/DesertSurvivors/DesertSurvivors/Entities/Enemies/EnemyTypes/DesertBandit.swift /Users/hameli/DesertSurvivors/DesertSurvivors/Entities/Enemies/EnemyTypes/DesertRat.swift /Users/hameli/DesertSurvivors/DesertSurvivors/Entities/Enemies/EnemyTypes/DustSprite.swift /Users/hameli/DesertSurvivors/DesertSurvivors/Entities/Enemies/EnemyTypes/MummifiedWanderer.swift /Users/hameli/DesertSurvivors/DesertSurvivors/Entities/Enemies/EnemyTypes/SandCobra.swift /Users/hameli/DesertSurvivors/DesertSurvivors/Entities/Enemies/EnemyTypes/SandScarab.swift /Users/hameli/DesertSurvivors/DesertSurvivors/Entities/Enemies/EnemyTypes/Scorpion.swift /Users/hameli/DesertSurvivors/DesertSurvivors/Entities/Enemies/BaseEnemy.swift /Users/hameli/DesertSurvivors/DesertSurvivors/Entities/Enemies/EnemySpawner.swift /Users/hameli/DesertSurvivors/DesertSurvivors/Entities/Pickups/ExperienceGem.swift /Users/hameli/DesertSurvivors/DesertSurvivors/Entities/Player/Player.swift /Users/hameli/DesertSurvivors/DesertSurvivors/Entities/Player/PlayerStats.swift /Users/hameli/DesertSurvivors/DesertSurvivors/Scenes/CharacterSelectionScene.swift /Users/hameli/DesertSurvivors/DesertSurvivors/Scenes/GameOverScene.swift /Users/hameli/DesertSurvivors/DesertSurvivors/Scenes/MainMenuScene.swift /Users/hameli/DesertSurvivors/DesertSurvivors/Systems/CollisionManager.swift /Users/hameli/DesertSurvivors/DesertSurvivors/Systems/LevelUpChoiceGenerator.swift /Users/hameli/DesertSurvivors/DesertSurvivors/Systems/LevelUpSystem.swift /Users/hameli/DesertSurvivors/DesertSurvivors/Systems/PassiveItem.swift /Users/hameli/DesertSurvivors/DesertSurvivors/Systems/PassiveItemManager.swift /Users/hameli/DesertSurvivors/DesertSurvivors/Systems/PickupManager.swift /Users/hameli/DesertSurvivors/DesertSurvivors/Systems/PoolingManager.swift /Users/hameli/DesertSurvivors/DesertSurvivors/UI/HUD.swift /Users/hameli/DesertSurvivors/DesertSurvivors/UI/LevelUpUI.swift /Users/hameli/DesertSurvivors/DesertSurvivors/UI/PauseMenuUI.swift /Users/hameli/DesertSurvivors/DesertSurvivors/UI/VirtualJoystick.swift /Users/hameli/DesertSurvivors/DesertSurvivors/Utilities/Constants.swift /Users/hameli/DesertSurvivors/DesertSurvivors/Utilities/Extensions.swift /Users/hameli/DesertSurvivors/DesertSurvivors/Utilities/SceneManager.swift /Users/hameli/DesertSurvivors/DesertSurvivors/Weapons/AwakenedTypes/ArmyOfMirages.swift /Users/hameli/DesertSurvivors/DesertSurvivors/Weapons/AwakenedTypes/DesertStorm.swift /Users/hameli/DesertSurvivors/DesertSurvivors/Weapons/AwakenedTypes/DevouringSands.swift /Users/hameli/DesertSurvivors/DesertSurvivors/Weapons/AwakenedTypes/EmperorScorpion.swift /Users/hameli/DesertSurvivors/DesertSurvivors/Weapons/AwakenedTypes/EyeOfTheStorm.swift /Users/hameli/DesertSurvivors/DesertSurvivors/Weapons/AwakenedTypes/GreekFire.swift /Users/hameli/DesertSurvivors/DesertSurvivors/Weapons/AwakenedTypes/Haboob.swift /Users/hameli/DesertSurvivors/DesertSurvivors/Weapons/AwakenedTypes/IfritsEmbrace.swift /Users/hameli/DesertSurvivors/DesertSurvivors/Weapons/AwakenedTypes/PharaohsWrath.swift /Users/hameli/DesertSurvivors/DesertSurvivors/Weapons/AwakenedTypes/RocsDescendant.swift /Users/hameli/DesertSurvivors/DesertSurvivors/Weapons/AwakenedTypes/WhirlwindOfBlades.swift /Users/hameli/DesertSurvivors/DesertSurvivors/Weapons/AwakenedTypes/WrathOfTheSun.swift /Users/hameli/DesertSurvivors/DesertSurvivors/Weapons/WeaponTypes/AncientCurse.swift /Users/hameli/DesertSurvivors/DesertSurvivors/Weapons/WeaponTypes/CurvedDagger.swift /Users/hameli/DesertSurvivors/DesertSurvivors/Weapons/WeaponTypes/DesertEagle.swift /Users/hameli/DesertSurvivors/DesertSurvivors/Weapons/WeaponTypes/DjinnsFlame.swift /Users/hameli/DesertSurvivors/DesertSurvivors/Weapons/WeaponTypes/DustDevil.swift /Users/hameli/DesertSurvivors/DesertSurvivors/Weapons/WeaponTypes/MirageClone.swift /Users/hameli/DesertSurvivors/DesertSurvivors/Weapons/WeaponTypes/OilFlask.swift /Users/hameli/DesertSurvivors/DesertSurvivors/Weapons/WeaponTypes/Quicksand.swift /Users/hameli/DesertSurvivors/DesertSurvivors/Weapons/WeaponTypes/SandBolt.swift /Users/hameli/DesertSurvivors/DesertSurvivors/Weapons/WeaponTypes/SandstormShield.swift /Users/hameli/DesertSurvivors/DesertSurvivors/Weapons/WeaponTypes/ScorpionTail.swift /Users/hameli/DesertSurvivors/DesertSurvivors/Weapons/WeaponTypes/SunRay.swift /Users/hameli/DesertSurvivors/DesertSurvivors/Weapons/AwakeningManager.swift -primary-file /Users/hameli/DesertSurvivors/DesertSurvivors/Weapons/BaseWeapon.swift -primary-file /Users/hameli/DesertSurvivors/DesertSurvivors/Weapons/Projectile.swift -primary-file /Users/hameli/DesertSurvivors/DesertSurvivors/Weapons/WeaponManager.swift -primary-file /Users/hameli/DesertSurvivors/DesertSurvivors/AppDelegate.swift -primary-file /Users/hameli/DesertSurvivors/DesertSurvivors/GameScene.swift -primary-file /Users/hameli/DesertSurvivors/DesertSurvivors/GameViewController.swift -primary-file /Users/hameli/Library/Developer/Xcode/DerivedData/DesertSurvivors-erajwuoloohovxhigwwbhoudkqey/Build/Intermediates.noindex/DesertSurvivors.build/Debug-iphonesimulator/DesertSurvivors.build/DerivedSources/GeneratedAssetSymbols.swift -supplementary-output-file-map /Users/hameli/Library/Developer/Xcode/DerivedData/DesertSurvivors-erajwuoloohovxhigwwbhoudkqey/Build/Intermediates.noindex/DesertSurvivors.build/Debug-iphonesimulator/DesertSurvivors.build/Objects-normal/arm64/supplementaryOutputs-8 -emit-localized-strings -emit-localized-strings-path /Users/hameli/Library/Developer/Xcode/DerivedData/DesertSurvivors-erajwuoloohovxhigwwbhoudkqey/Build/Intermediates.noindex/DesertSurvivors.build/Debug-iphonesimulator/DesertSurvivors.build/Objects-normal/arm64 -target arm64-apple-ios26.2-simulator -module-can-import-version DeveloperToolsSupport 23.0.4 23.0.4 -module-can-import-version SwiftUI 7.2.5.1 7.2.5 -module-can-import-version UIKit 9126.2.4.1 9126.2.4 -load-resolved-plugin /Applications/Xcode.app/Contents/Developer/Platforms/iPhoneOS.platform/Developer/usr/lib/swift/host/plugins/libFoundationMacros.dylib\#/Applications/Xcode.app/Contents/Developer/Platforms/iPhoneOS.platform/Developer/usr/bin/swift-plugin-server\#FoundationMacros -load-resolved-plugin /Applications/Xcode.app/Contents/Developer/Platforms/iPhoneOS.platform/Developer/usr/lib/swift/host/plugins/libObservationMacros.dylib\#/Applications/Xcode.app/Contents/Developer/Platforms/iPhoneOS.platform/Developer/usr/bin/swift-plugin-server\#ObservationMacros -load-resolved-plugin /Applications/Xcode.app/Contents/Developer/Platforms/iPhoneOS.platform/Developer/usr/lib/swift/host/plugins/libPreviewsMacros.dylib\#/Applications/Xcode.app/Contents/Developer/Platforms/iPhoneOS.platform/Developer/usr/bin/swift-plugin-server\#PreviewsMacros -load-resolved-plugin /Applications/Xcode.app/Contents/Developer/Platforms/iPhoneOS.platform/Developer/usr/lib/swift/host/plugins/libSwiftMacros.dylib\#/Applications/Xcode.app/Contents/Developer/Platforms/iPhoneOS.platform/Developer/usr/bin/swift-plugin-server\#SwiftMacros -load-resolved-plugin /Applications/Xcode.app/Contents/Developer/Platforms/iPhoneOS.platform/Developer/usr/lib/swift/host/plugins/libSwiftUIMacros.dylib\#/Applications/Xcode.app/Contents/Developer/Platforms/iPhoneOS.platform/Developer/usr/bin/swift-plugin-server\#SwiftUIMacros -disable-implicit-swift-modules -Xcc -fno-implicit-modules -Xcc -fno-implicit-module-maps -explicit-swift-module-map-file /Users/hameli/Library/Developer/Xcode/DerivedData/DesertSurvivors-erajwuoloohovxhigwwbhoudkqey/Build/Intermediates.noindex/DesertSurvivors.build/Debug-iphonesimulator/DesertSurvivors.build/Objects-normal/arm64/DesertSurvivors-dependencies-1.json -Xllvm -aarch64-use-tbi -enable-objc-interop -sdk /Applications/Xcode.app/Contents/Developer/Platforms/iPhoneSimulator.platform/Developer/SDKs/iPhoneSimulator26.2.sdk -I /Users/hameli/Library/Developer/Xcode/DerivedData/DesertSurvivors-erajwuoloohovxhigwwbhoudkqey/Build/Products/Debug-iphonesimulator -F /Users/hameli/Library/Developer/Xcode/DerivedData/DesertSurvivors-erajwuoloohovxhigwwbhoudkqey/Build/Products/Debug-iphonesimulator -no-color-diagnostics -Xcc -fno-color-diagnostics -enable-testing -g -debug-info-format\=dwarf -dwarf-version\=5 -module-cache-path /Users/hameli/Library/Developer/Xcode/DerivedData/DesertSurvivors-erajwuoloohovxhigwwbhoudkqey/Build/Intermediates.noindex/SwiftExplicitPrecompiledModules -profile-generate -profile-coverage-mapping -swift-version 5 -enforce-exclusivity\=checked -Onone -D DEBUG -serialize-debugging-options -const-gather-protocols-file /Users/hameli/Library/Developer/Xcode/DerivedData/DesertSurvivors-erajwuoloohovxhigwwbhoudkqey/Build/Intermediates.noindex/DesertSurvivors.build/Debug-iphonesimulator/DesertSurvivors.build/Objects-normal/arm64/DesertSurvivors_const_extract_protocols.json -enable-upcoming-feature DisableOutwardActorInference -enable-upcoming-feature InferSendableFromCaptures -enable-upcoming-feature GlobalActorIsolatedTypesUsability -enable-upcoming-feature MemberImportVisibility -enable-upcoming-feature InferIsolatedConformances -enable-upcoming-feature NonisolatedNonsendingByDefault -enable-experimental-feature DebugDescriptionMacro -enable-bare-slash-regex -default-isolation\=MainActor -empty-abi-descriptor -validate-clang-modules-once -clang-build-session-file /Users/hameli/Library/Developer/Xcode/DerivedData/ModuleCache.noindex/Session.modulevalidation -Xcc -working-directory -Xcc /Users/hameli/DesertSurvivors -enable-anonymous-context-mangled-names -file-compilation-dir /Users/hameli/DesertSurvivors -Xcc -D_LIBCPP_HARDENING_MODE\=_LIBCPP_HARDENING_MODE_DEBUG -Xcc -ivfsstatcache -Xcc /Users/hameli/Library/Developer/Xcode/DerivedData/SDKStatCaches.noindex/iphonesimulator26.2-23C53-7d00a8b37fbd7999ea79df8ebc024bf0.sdkstatcache -Xcc -I/Users/hameli/Library/Developer/Xcode/DerivedData/DesertSurvivors-erajwuoloohovxhigwwbhoudkqey/Build/Intermediates.noindex/DesertSurvivors.build/Debug-iphonesimulator/DesertSurvivors.build/swift-overrides.hmap -Xcc -iquote -Xcc /Users/hameli/Library/Developer/Xcode/DerivedData/DesertSurvivors-erajwuoloohovxhigwwbhoudkqey/Build/Intermediates.noindex/DesertSurvivors.build/Debug-iphonesimulator/DesertSurvivors.build/DesertSurvivors-generated-files.hmap -Xcc -I/Users/hameli/Library/Developer/Xcode/DerivedData/DesertSurvivors-erajwuoloohovxhigwwbhoudkqey/Build/Intermediates.noindex/DesertSurvivors.build/Debug-iphonesimulator/DesertSurvivors.build/DesertSurvivors-own-target-headers.hmap -Xcc -I/Users/hameli/Library/Developer/Xcode/DerivedData/DesertSurvivors-erajwuoloohovxhigwwbhoudkqey/Build/Intermediates.noindex/DesertSurvivors.build/Debug-iphonesimulator/DesertSurvivors.build/DesertSurvivors-all-target-headers.hmap -Xcc -iquote -Xcc /Users/hameli/Library/Developer/Xcode/DerivedData/DesertSurvivors-erajwuoloohovxhigwwbhoudkqey/Build/Intermediates.noindex/DesertSurvivors.build/Debug-iphonesimulator/DesertSurvivors.build/DesertSurvivors-project-headers.hmap -Xcc -I/Users/hameli/Library/Developer/Xcode/DerivedData/DesertSurvivors-erajwuoloohovxhigwwbhoudkqey/Build/Products/Debug-iphonesimulator/include -Xcc -I/Users/hameli/Library/Developer/Xcode/DerivedData/DesertSurvivors-erajwuoloohovxhigwwbhoudkqey/Build/Intermediates.noindex/DesertSurvivors.build/Debug-iphonesimulator/DesertSurvivors.build/DerivedSources-normal/arm64 -Xcc -I/Users/hameli/Library/Developer/Xcode/DerivedData/DesertSurvivors-erajwuoloohovxhigwwbhoudkqey/Build/Intermediates.noindex/DesertSurvivors.build/Debug-iphonesimulator/DesertSurvivors.build/DerivedSources/arm64 -Xcc -I/Users/hameli/Library/Developer/Xcode/DerivedData/DesertSurvivors-erajwuoloohovxhigwwbhoudkqey/Build/Intermediates.noindex/DesertSurvivors.build/Debug-iphonesimulator/DesertSurvivors.build/DerivedSources -Xcc -DDEBUG\=1 -no-auto-bridging-header-chaining -module-name DesertSurvivors -frontend-parseable-output -disable-clang-spi -target-sdk-version 26.2 -target-sdk-name iphonesimulator26.2 -clang-target arm64-apple-ios26.2-simulator -in-process-plugin-server-path /Applications/Xcode.app/Contents/Developer/Toolchains/XcodeDefault.xctoolchain/usr/lib/swift/host/libSwiftInProcPluginServer.dylib -o /Users/hameli/Library/Developer/Xcode/DerivedData/DesertSurvivors-erajwuoloohovxhigwwbhoudkqey/Build/Intermediates.noindex/DesertSurvivors.build/Debug-iphonesimulator/DesertSurvivors.build/Objects-normal/arm64/BaseWeapon.o -o /Users/hameli/Library/Developer/Xcode/DerivedData/DesertSurvivors-erajwuoloohovxhigwwbhoudkqey/Build/Intermediates.noindex/DesertSurvivors.build/Debug-iphonesimulator/DesertSurvivors.build/Objects-normal/arm64/Projectile.o -o /Users/hameli/Library/Developer/Xcode/DerivedData/DesertSurvivors-erajwuoloohovxhigwwbhoudkqey/Build/Intermediates.noindex/DesertSurvivors.build/Debug-iphonesimulator/DesertSurvivors.build/Objects-normal/arm64/WeaponManager.o -o /Users/hameli/Library/Developer/Xcode/DerivedData/DesertSurvivors-erajwuoloohovxhigwwbhoudkqey/Build/Intermediates.noindex/DesertSurvivors.build/Debug-iphonesimulator/DesertSurvivors.build/Objects-normal/arm64/AppDelegate.o -o /Users/hameli/Library/Developer/Xcode/DerivedData/DesertSurvivors-erajwuoloohovxhigwwbhoudkqey/Build/Intermediates.noindex/DesertSurvivors.build/Debug-iphonesimulator/DesertSurvivors.build/Objects-normal/arm64/GameScene.o -o /Users/hameli/Library/Developer/Xcode/DerivedData/DesertSurvivors-erajwuoloohovxhigwwbhoudkqey/Build/Intermediates.noindex/DesertSurvivors.build/Debug-iphonesimulator/DesertSurvivors.build/Objects-normal/arm64/GameViewController.o -o /Users/hameli/Library/Developer/Xcode/DerivedData/DesertSurvivors-erajwuoloohovxhigwwbhoudkqey/Build/Intermediates.noindex/DesertSurvivors.build/Debug-iphonesimulator/DesertSurvivors.build/Objects-normal/arm64/GeneratedAssetSymbols.o -index-unit-output-path /DesertSurvivors.build/Debug-iphonesimulator/DesertSurvivors.build/Objects-normal/arm64/BaseWeapon.o -index-unit-output-path /DesertSurvivors.build/Debug-iphonesimulator/DesertSurvivors.build/Objects-normal/arm64/Projectile.o -index-unit-output-path /DesertSurvivors.build/Debug-iphonesimulator/DesertSurvivors.build/Objects-normal/arm64/WeaponManager.o -index-unit-output-path /DesertSurvivors.build/Debug-iphonesimulator/DesertSurvivors.build/Objects-normal/arm64/AppDelegate.o -index-unit-output-path /DesertSurvivors.build/Debug-iphonesimulator/DesertSurvivors.build/Objects-normal/arm64/GameScene.o -index-unit-output-path /DesertSurvivors.build/Debug-iphonesimulator/DesertSurvivors.build/Objects-normal/arm64/GameViewController.o -index-unit-output-path /DesertSurvivors.build/Debug-iphonesimulator/DesertSurvivors.build/Objects-normal/arm64/GeneratedAssetSymbols.o -index-store-path /Users/hameli/Library/Developer/Xcode/DerivedData/DesertSurvivors-erajwuoloohovxhigwwbhoudkqey/Index.noindex/DataStore -index-system-modules

SwiftCompile normal arm64 /Users/hameli/DesertSurvivors/DesertSurvivors/Weapons/BaseWeapon.swift (in target 'DesertSurvivors' from project 'DesertSurvivors')
    cd /Users/hameli/DesertSurvivors
    

SwiftCompile normal arm64 /Users/hameli/DesertSurvivors/DesertSurvivors/Weapons/Projectile.swift (in target 'DesertSurvivors' from project 'DesertSurvivors')
    cd /Users/hameli/DesertSurvivors
    

SwiftCompile normal arm64 /Users/hameli/DesertSurvivors/DesertSurvivors/Weapons/WeaponManager.swift (in target 'DesertSurvivors' from project 'DesertSurvivors')
    cd /Users/hameli/DesertSurvivors
    

SwiftCompile normal arm64 /Users/hameli/DesertSurvivors/DesertSurvivors/AppDelegate.swift (in target 'DesertSurvivors' from project 'DesertSurvivors')
    cd /Users/hameli/DesertSurvivors
    

SwiftCompile normal arm64 /Users/hameli/DesertSurvivors/DesertSurvivors/GameScene.swift (in target 'DesertSurvivors' from project 'DesertSurvivors')
    cd /Users/hameli/DesertSurvivors
    
/Users/hameli/DesertSurvivors/DesertSurvivors/GameScene.swift:171:58: error: value of type 'PlayerStats' has no member 'xpMultiplier'
        levelUpSystem.addXP(xp, multiplier: player.stats.xpMultiplier)
                                            ~~~~~~~~~~~~ ^~~~~~~~~~~~

SwiftCompile normal arm64 /Users/hameli/DesertSurvivors/DesertSurvivors/GameViewController.swift (in target 'DesertSurvivors' from project 'DesertSurvivors')
    cd /Users/hameli/DesertSurvivors
    

SwiftCompile normal arm64 /Users/hameli/Library/Developer/Xcode/DerivedData/DesertSurvivors-erajwuoloohovxhigwwbhoudkqey/Build/Intermediates.noindex/DesertSurvivors.build/Debug-iphonesimulator/DesertSurvivors.build/DerivedSources/GeneratedAssetSymbols.swift (in target 'DesertSurvivors' from project 'DesertSurvivors')
    cd /Users/hameli/DesertSurvivors
    

SwiftCompile normal arm64 Compiling\ BaseEnemy.swift,\ EnemySpawner.swift,\ ExperienceGem.swift,\ Player.swift,\ PlayerStats.swift,\ CharacterSelectionScene.swift,\ GameOverScene.swift,\ MainMenuScene.swift /Users/hameli/DesertSurvivors/DesertSurvivors/Entities/Enemies/BaseEnemy.swift /Users/hameli/DesertSurvivors/DesertSurvivors/Entities/Enemies/EnemySpawner.swift /Users/hameli/DesertSurvivors/DesertSurvivors/Entities/Pickups/ExperienceGem.swift /Users/hameli/DesertSurvivors/DesertSurvivors/Entities/Player/Player.swift /Users/hameli/DesertSurvivors/DesertSurvivors/Entities/Player/PlayerStats.swift /Users/hameli/DesertSurvivors/DesertSurvivors/Scenes/CharacterSelectionScene.swift /Users/hameli/DesertSurvivors/DesertSurvivors/Scenes/GameOverScene.swift /Users/hameli/DesertSurvivors/DesertSurvivors/Scenes/MainMenuScene.swift (in target 'DesertSurvivors' from project 'DesertSurvivors')

SwiftCompile normal arm64 /Users/hameli/DesertSurvivors/DesertSurvivors/Entities/Enemies/BaseEnemy.swift (in target 'DesertSurvivors' from project 'DesertSurvivors')
    cd /Users/hameli/DesertSurvivors
    

SwiftCompile normal arm64 /Users/hameli/DesertSurvivors/DesertSurvivors/Entities/Enemies/EnemySpawner.swift (in target 'DesertSurvivors' from project 'DesertSurvivors')
    cd /Users/hameli/DesertSurvivors
    

SwiftCompile normal arm64 /Users/hameli/DesertSurvivors/DesertSurvivors/Entities/Pickups/ExperienceGem.swift (in target 'DesertSurvivors' from project 'DesertSurvivors')
    cd /Users/hameli/DesertSurvivors
    

SwiftCompile normal arm64 /Users/hameli/DesertSurvivors/DesertSurvivors/Entities/Player/Player.swift (in target 'DesertSurvivors' from project 'DesertSurvivors')
    cd /Users/hameli/DesertSurvivors
    

SwiftCompile normal arm64 /Users/hameli/DesertSurvivors/DesertSurvivors/Entities/Player/PlayerStats.swift (in target 'DesertSurvivors' from project 'DesertSurvivors')
    cd /Users/hameli/DesertSurvivors
    

SwiftCompile normal arm64 /Users/hameli/DesertSurvivors/DesertSurvivors/Scenes/CharacterSelectionScene.swift (in target 'DesertSurvivors' from project 'DesertSurvivors')
    cd /Users/hameli/DesertSurvivors
    

SwiftCompile normal arm64 /Users/hameli/DesertSurvivors/DesertSurvivors/Scenes/GameOverScene.swift (in target 'DesertSurvivors' from project 'DesertSurvivors')
    cd /Users/hameli/DesertSurvivors
    

SwiftCompile normal arm64 /Users/hameli/DesertSurvivors/DesertSurvivors/Scenes/MainMenuScene.swift (in target 'DesertSurvivors' from project 'DesertSurvivors')
    cd /Users/hameli/DesertSurvivors
    

SwiftCompile normal arm64 Compiling\ LevelUpUI.swift,\ PauseMenuUI.swift,\ VirtualJoystick.swift,\ Constants.swift,\ Extensions.swift,\ SceneManager.swift,\ ArmyOfMirages.swift,\ DesertStorm.swift /Users/hameli/DesertSurvivors/DesertSurvivors/UI/LevelUpUI.swift /Users/hameli/DesertSurvivors/DesertSurvivors/UI/PauseMenuUI.swift /Users/hameli/DesertSurvivors/DesertSurvivors/UI/VirtualJoystick.swift /Users/hameli/DesertSurvivors/DesertSurvivors/Utilities/Constants.swift /Users/hameli/DesertSurvivors/DesertSurvivors/Utilities/Extensions.swift /Users/hameli/DesertSurvivors/DesertSurvivors/Utilities/SceneManager.swift /Users/hameli/DesertSurvivors/DesertSurvivors/Weapons/AwakenedTypes/ArmyOfMirages.swift /Users/hameli/DesertSurvivors/DesertSurvivors/Weapons/AwakenedTypes/DesertStorm.swift (in target 'DesertSurvivors' from project 'DesertSurvivors')
SwiftCompile normal arm64 /Users/hameli/DesertSurvivors/DesertSurvivors/UI/LevelUpUI.swift (in target 'DesertSurvivors' from project 'DesertSurvivors')
    cd /Users/hameli/DesertSurvivors
    

SwiftCompile normal arm64 /Users/hameli/DesertSurvivors/DesertSurvivors/UI/PauseMenuUI.swift (in target 'DesertSurvivors' from project 'DesertSurvivors')
    cd /Users/hameli/DesertSurvivors
    

SwiftCompile normal arm64 /Users/hameli/DesertSurvivors/DesertSurvivors/UI/VirtualJoystick.swift (in target 'DesertSurvivors' from project 'DesertSurvivors')
    cd /Users/hameli/DesertSurvivors
    

SwiftCompile normal arm64 /Users/hameli/DesertSurvivors/DesertSurvivors/Utilities/Constants.swift (in target 'DesertSurvivors' from project 'DesertSurvivors')
    cd /Users/hameli/DesertSurvivors
    

SwiftCompile normal arm64 /Users/hameli/DesertSurvivors/DesertSurvivors/Utilities/Extensions.swift (in target 'DesertSurvivors' from project 'DesertSurvivors')
    cd /Users/hameli/DesertSurvivors
    

SwiftCompile normal arm64 /Users/hameli/DesertSurvivors/DesertSurvivors/Utilities/SceneManager.swift (in target 'DesertSurvivors' from project 'DesertSurvivors')
    cd /Users/hameli/DesertSurvivors
    

SwiftCompile normal arm64 /Users/hameli/DesertSurvivors/DesertSurvivors/Weapons/AwakenedTypes/ArmyOfMirages.swift (in target 'DesertSurvivors' from project 'DesertSurvivors')
    cd /Users/hameli/DesertSurvivors
    

SwiftCompile normal arm64 /Users/hameli/DesertSurvivors/DesertSurvivors/Weapons/AwakenedTypes/DesertStorm.swift (in target 'DesertSurvivors' from project 'DesertSurvivors')
    cd /Users/hameli/DesertSurvivors
    

SwiftCompile normal arm64 Compiling\ OilFlask.swift,\ Quicksand.swift,\ SandBolt.swift,\ SandstormShield.swift,\ ScorpionTail.swift,\ SunRay.swift,\ AwakeningManager.swift /Users/hameli/DesertSurvivors/DesertSurvivors/Weapons/WeaponTypes/OilFlask.swift /Users/hameli/DesertSurvivors/DesertSurvivors/Weapons/WeaponTypes/Quicksand.swift /Users/hameli/DesertSurvivors/DesertSurvivors/Weapons/WeaponTypes/SandBolt.swift /Users/hameli/DesertSurvivors/DesertSurvivors/Weapons/WeaponTypes/SandstormShield.swift /Users/hameli/DesertSurvivors/DesertSurvivors/Weapons/WeaponTypes/ScorpionTail.swift /Users/hameli/DesertSurvivors/DesertSurvivors/Weapons/WeaponTypes/SunRay.swift /Users/hameli/DesertSurvivors/DesertSurvivors/Weapons/AwakeningManager.swift (in target 'DesertSurvivors' from project 'DesertSurvivors')

SwiftCompile normal arm64 /Users/hameli/DesertSurvivors/DesertSurvivors/Weapons/WeaponTypes/OilFlask.swift (in target 'DesertSurvivors' from project 'DesertSurvivors')
    cd /Users/hameli/DesertSurvivors
    

SwiftCompile normal arm64 /Users/hameli/DesertSurvivors/DesertSurvivors/Weapons/WeaponTypes/Quicksand.swift (in target 'DesertSurvivors' from project 'DesertSurvivors')
    cd /Users/hameli/DesertSurvivors
    

SwiftCompile normal arm64 /Users/hameli/DesertSurvivors/DesertSurvivors/Weapons/WeaponTypes/SandBolt.swift (in target 'DesertSurvivors' from project 'DesertSurvivors')
    cd /Users/hameli/DesertSurvivors
    

SwiftCompile normal arm64 /Users/hameli/DesertSurvivors/DesertSurvivors/Weapons/WeaponTypes/SandstormShield.swift (in target 'DesertSurvivors' from project 'DesertSurvivors')
    cd /Users/hameli/DesertSurvivors
    

SwiftCompile normal arm64 /Users/hameli/DesertSurvivors/DesertSurvivors/Weapons/WeaponTypes/ScorpionTail.swift (in target 'DesertSurvivors' from project 'DesertSurvivors')
    cd /Users/hameli/DesertSurvivors
    

SwiftCompile normal arm64 /Users/hameli/DesertSurvivors/DesertSurvivors/Weapons/WeaponTypes/SunRay.swift (in target 'DesertSurvivors' from project 'DesertSurvivors')
    cd /Users/hameli/DesertSurvivors
    

SwiftCompile normal arm64 /Users/hameli/DesertSurvivors/DesertSurvivors/Weapons/AwakeningManager.swift (in target 'DesertSurvivors' from project 'DesertSurvivors')
    cd /Users/hameli/DesertSurvivors
    

SwiftCompile normal arm64 Compiling\ DevouringSands.swift,\ EmperorScorpion.swift,\ EyeOfTheStorm.swift,\ GreekFire.swift,\ Haboob.swift,\ IfritsEmbrace.swift,\ PharaohsWrath.swift,\ RocsDescendant.swift /Users/hameli/DesertSurvivors/DesertSurvivors/Weapons/AwakenedTypes/DevouringSands.swift /Users/hameli/DesertSurvivors/DesertSurvivors/Weapons/AwakenedTypes/EmperorScorpion.swift /Users/hameli/DesertSurvivors/DesertSurvivors/Weapons/AwakenedTypes/EyeOfTheStorm.swift /Users/hameli/DesertSurvivors/DesertSurvivors/Weapons/AwakenedTypes/GreekFire.swift /Users/hameli/DesertSurvivors/DesertSurvivors/Weapons/AwakenedTypes/Haboob.swift /Users/hameli/DesertSurvivors/DesertSurvivors/Weapons/AwakenedTypes/IfritsEmbrace.swift /Users/hameli/DesertSurvivors/DesertSurvivors/Weapons/AwakenedTypes/PharaohsWrath.swift /Users/hameli/DesertSurvivors/DesertSurvivors/Weapons/AwakenedTypes/RocsDescendant.swift (in target 'DesertSurvivors' from project 'DesertSurvivors')

SwiftCompile normal arm64 /Users/hameli/DesertSurvivors/DesertSurvivors/Weapons/AwakenedTypes/DevouringSands.swift (in target 'DesertSurvivors' from project 'DesertSurvivors')
    cd /Users/hameli/DesertSurvivors
    

SwiftCompile normal arm64 /Users/hameli/DesertSurvivors/DesertSurvivors/Weapons/AwakenedTypes/EmperorScorpion.swift (in target 'DesertSurvivors' from project 'DesertSurvivors')
    cd /Users/hameli/DesertSurvivors
    

SwiftCompile normal arm64 /Users/hameli/DesertSurvivors/DesertSurvivors/Weapons/AwakenedTypes/EyeOfTheStorm.swift (in target 'DesertSurvivors' from project 'DesertSurvivors')
    cd /Users/hameli/DesertSurvivors
    

SwiftCompile normal arm64 /Users/hameli/DesertSurvivors/DesertSurvivors/Weapons/AwakenedTypes/GreekFire.swift (in target 'DesertSurvivors' from project 'DesertSurvivors')
    cd /Users/hameli/DesertSurvivors
    

SwiftCompile normal arm64 /Users/hameli/DesertSurvivors/DesertSurvivors/Weapons/AwakenedTypes/Haboob.swift (in target 'DesertSurvivors' from project 'DesertSurvivors')
    cd /Users/hameli/DesertSurvivors
    

SwiftCompile normal arm64 /Users/hameli/DesertSurvivors/DesertSurvivors/Weapons/AwakenedTypes/IfritsEmbrace.swift (in target 'DesertSurvivors' from project 'DesertSurvivors')
    cd /Users/hameli/DesertSurvivors
    

SwiftCompile normal arm64 /Users/hameli/DesertSurvivors/DesertSurvivors/Weapons/AwakenedTypes/PharaohsWrath.swift (in target 'DesertSurvivors' from project 'DesertSurvivors')
    cd /Users/hameli/DesertSurvivors
    

SwiftCompile normal arm64 /Users/hameli/DesertSurvivors/DesertSurvivors/Weapons/AwakenedTypes/RocsDescendant.swift (in target 'DesertSurvivors' from project 'DesertSurvivors')
    cd /Users/hameli/DesertSurvivors
    

SwiftCompile normal arm64 Compiling\ CollisionManager.swift,\ LevelUpChoiceGenerator.swift,\ LevelUpSystem.swift,\ PassiveItem.swift,\ PassiveItemManager.swift,\ PickupManager.swift,\ PoolingManager.swift,\ HUD.swift /Users/hameli/DesertSurvivors/DesertSurvivors/Systems/CollisionManager.swift /Users/hameli/DesertSurvivors/DesertSurvivors/Systems/LevelUpChoiceGenerator.swift /Users/hameli/DesertSurvivors/DesertSurvivors/Systems/LevelUpSystem.swift /Users/hameli/DesertSurvivors/DesertSurvivors/Systems/PassiveItem.swift /Users/hameli/DesertSurvivors/DesertSurvivors/Systems/PassiveItemManager.swift /Users/hameli/DesertSurvivors/DesertSurvivors/Systems/PickupManager.swift /Users/hameli/DesertSurvivors/DesertSurvivors/Systems/PoolingManager.swift /Users/hameli/DesertSurvivors/DesertSurvivors/UI/HUD.swift (in target 'DesertSurvivors' from project 'DesertSurvivors')

SwiftCompile normal arm64 /Users/hameli/DesertSurvivors/DesertSurvivors/Systems/CollisionManager.swift (in target 'DesertSurvivors' from project 'DesertSurvivors')
    cd /Users/hameli/DesertSurvivors
    

SwiftCompile normal arm64 /Users/hameli/DesertSurvivors/DesertSurvivors/Systems/LevelUpChoiceGenerator.swift (in target 'DesertSurvivors' from project 'DesertSurvivors')
    cd /Users/hameli/DesertSurvivors
    

SwiftCompile normal arm64 /Users/hameli/DesertSurvivors/DesertSurvivors/Systems/LevelUpSystem.swift (in target 'DesertSurvivors' from project 'DesertSurvivors')
    cd /Users/hameli/DesertSurvivors
    

SwiftCompile normal arm64 /Users/hameli/DesertSurvivors/DesertSurvivors/Systems/PassiveItem.swift (in target 'DesertSurvivors' from project 'DesertSurvivors')
    cd /Users/hameli/DesertSurvivors
    

SwiftCompile normal arm64 /Users/hameli/DesertSurvivors/DesertSurvivors/Systems/PassiveItemManager.swift (in target 'DesertSurvivors' from project 'DesertSurvivors')
    cd /Users/hameli/DesertSurvivors
    

SwiftCompile normal arm64 /Users/hameli/DesertSurvivors/DesertSurvivors/Systems/PickupManager.swift (in target 'DesertSurvivors' from project 'DesertSurvivors')
    cd /Users/hameli/DesertSurvivors
    

SwiftCompile normal arm64 /Users/hameli/DesertSurvivors/DesertSurvivors/Systems/PoolingManager.swift (in target 'DesertSurvivors' from project 'DesertSurvivors')
    cd /Users/hameli/DesertSurvivors
    

SwiftCompile normal arm64 /Users/hameli/DesertSurvivors/DesertSurvivors/UI/HUD.swift (in target 'DesertSurvivors' from project 'DesertSurvivors')
    cd /Users/hameli/DesertSurvivors
    

SwiftCompile normal arm64 Compiling\ CursedJackal.swift,\ DesertBandit.swift,\ DesertRat.swift,\ DustSprite.swift,\ MummifiedWanderer.swift,\ SandCobra.swift,\ SandScarab.swift,\ Scorpion.swift /Users/hameli/DesertSurvivors/DesertSurvivors/Entities/Enemies/EnemyTypes/CursedJackal.swift /Users/hameli/DesertSurvivors/DesertSurvivors/Entities/Enemies/EnemyTypes/DesertBandit.swift /Users/hameli/DesertSurvivors/DesertSurvivors/Entities/Enemies/EnemyTypes/DesertRat.swift /Users/hameli/DesertSurvivors/DesertSurvivors/Entities/Enemies/EnemyTypes/DustSprite.swift /Users/hameli/DesertSurvivors/DesertSurvivors/Entities/Enemies/EnemyTypes/MummifiedWanderer.swift /Users/hameli/DesertSurvivors/DesertSurvivors/Entities/Enemies/EnemyTypes/SandCobra.swift /Users/hameli/DesertSurvivors/DesertSurvivors/Entities/Enemies/EnemyTypes/SandScarab.swift /Users/hameli/DesertSurvivors/DesertSurvivors/Entities/Enemies/EnemyTypes/Scorpion.swift (in target 'DesertSurvivors' from project 'DesertSurvivors')

** BUILD FAILED **


The following build commands failed:
	SwiftCompile normal arm64 Compiling\ BaseWeapon.swift,\ Projectile.swift,\ WeaponManager.swift,\ AppDelegate.swift,\ GameScene.swift,\ GameViewController.swift,\ GeneratedAssetSymbols.swift /Users/hameli/DesertSurvivors/DesertSurvivors/Weapons/BaseWeapon.swift /Users/hameli/DesertSurvivors/DesertSurvivors/Weapons/Projectile.swift /Users/hameli/DesertSurvivors/DesertSurvivors/Weapons/WeaponManager.swift /Users/hameli/DesertSurvivors/DesertSurvivors/AppDelegate.swift /Users/hameli/DesertSurvivors/DesertSurvivors/GameScene.swift /Users/hameli/DesertSurvivors/DesertSurvivors/GameViewController.swift /Users/hameli/Library/Developer/Xcode/DerivedData/DesertSurvivors-erajwuoloohovxhigwwbhoudkqey/Build/Intermediates.noindex/DesertSurvivors.build/Debug-iphonesimulator/DesertSurvivors.build/DerivedSources/GeneratedAssetSymbols.swift (in target 'DesertSurvivors' from project 'DesertSurvivors')
	SwiftCompile normal arm64 /Users/hameli/DesertSurvivors/DesertSurvivors/GameScene.swift (in target 'DesertSurvivors' from project 'DesertSurvivors')
	Building project DesertSurvivors with scheme DesertSurvivors
(3 failures)
